Base path: D:/Unity/Editor/Data
Pipe name: \\.\pipe\UnityShaderCompiler-5-4640
Cmd: getPlatforms
Cmd: compileSnippet
  api=0 type=1 insize=1256 outsize=341 kw= ok=1
Cmd: compileSnippet
  api=1 type=0 insize=1195 outsize=446 kw= ok=1
Cmd: compileSnippet
  api=1 type=1 insize=1195 outsize=60 kw= ok=1
Cmd: compileSnippet
  api=1 type=0 insize=1381 outsize=186 kw= ok=1
Cmd: compileSnippet
  api=1 type=0 insize=2154 outsize=425 kw= ok=1
Cmd: compileSnippet
  api=8 type=0 insize=2219 outsize=2958 kw= ok=1
Cmd: compileSnippet
  api=8 type=1 insize=924 outsize=1113 kw= ok=1
Cmd: compileSnippet
  api=0 type=0 insize=2137 outsize=863 kw= ok=1
Cmd: compileSnippet
  api=8 type=1 insize=2137 outsize=2592 kw= ok=1
Cmd: compileSnippet
  api=8 type=0 insize=1329 outsize=1950 kw= ok=1
Cmd: compileSnippet
  api=0 type=0 insize=1252 outsize=441 kw= ok=1
Cmd: compileSnippet
  api=8 type=1 insize=2284 outsize=3494 kw= ok=1
Cmd: compileSnippet
  api=8 type=0 insize=1260 outsize=1950 kw= ok=1
Unhandled exception: Readfile from pipe failed. GLE=管道已结束。


Quitting shader compiler process
