Base path: D:/Unity/Editor/Data
Pipe name: \\.\pipe\UnityShaderCompiler-3-6852
Cmd: getPlatforms
Cmd: compileSnippet
  api=8 type=0 insize=1256 outsize=1585 kw= ok=1
Cmd: compileSnippet
  api=0 type=0 insize=1195 outsize=542 kw= ok=1
Cmd: compileSnippet
  api=8 type=0 insize=1770 outsize=2430 kw= ok=1
Cmd: compileSnippet
  api=0 type=0 insize=1381 outsize=441 kw= ok=1
Cmd: compileSnippet
  api=8 type=0 insize=2154 outsize=2958 kw= ok=1
Cmd: compileSnippet
  api=0 type=1 insize=1788 outsize=505 kw= ok=1
Cmd: compileSnippet
  api=1 type=1 insize=2219 outsize=430 kw= ok=1
Cmd: compileSnippet
  api=1 type=0 insize=1097 outsize=240 kw= ok=1
Cmd: compileSnippet
  api=1 type=0 insize=924 outsize=158 kw= ok=1
Cmd: compileSnippet
  api=1 type=1 insize=1179 outsize=138 kw= ok=1
Cmd: compileSnippet
  api=0 type=1 insize=1260 outsize=535 kw= ok=1
Cmd: compileSnippet
  api=1 type=0 insize=882 outsize=158 kw= ok=1
Cmd: compileSnippet
  api=8 type=0 insize=1099 outsize=2162 kw= ok=1
Cmd: compileSnippet
  api=8 type=1 insize=1099 outsize=1495 kw= ok=1
Unhandled exception: Readfile from pipe failed. GLE=管道已结束。


Quitting shader compiler process
